<?xml version="1.0" encoding="UTF-8"?>
<testsuite name="kr.ac.jejunu.user.UserDaoTests" tests="4" skipped="0" failures="0" errors="0" timestamp="2020-04-24T14:57:22" hostname="DESKTOP-ABCOPIO" time="0.279">
  <properties/>
  <testcase name="delete()" classname="kr.ac.jejunu.user.UserDaoTests" time="0.249"/>
  <testcase name="insert()" classname="kr.ac.jejunu.user.UserDaoTests" time="0.012"/>
  <testcase name="update()" classname="kr.ac.jejunu.user.UserDaoTests" time="0.012"/>
  <testcase name="get()" classname="kr.ac.jejunu.user.UserDaoTests" time="0.003"/>
  <system-out><![CDATA[]]></system-out>
  <system-err><![CDATA[]]></system-err>
</testsuite>
