<?xml version="1.0" encoding="UTF-8"?>
<testsuite name="kr.ac.jejunu.user.UserDaoTests" tests="4" skipped="0" failures="0" errors="0" timestamp="2020-04-17T09:34:23" hostname="DESKTOP-ABCOPIO" time="0.338">
  <properties/>
  <testcase name="insert()" classname="kr.ac.jejunu.user.UserDaoTests" time="0.305"/>
  <testcase name="insertHalla()" classname="kr.ac.jejunu.user.UserDaoTests" time="0.012"/>
  <testcase name="get()" classname="kr.ac.jejunu.user.UserDaoTests" time="0.011"/>
  <testcase name="getHalla()" classname="kr.ac.jejunu.user.UserDaoTests" time="0.007"/>
  <system-out><![CDATA[]]></system-out>
  <system-err><![CDATA[]]></system-err>
</testsuite>
